INFO:     Will watch for changes in these directories: ['/workspaces/UFF/backend']
INFO:     Uvicorn running on http://0.0.0.0:8000 (Press CTRL+C to quit)
INFO:     Started reloader process [23268] using WatchFiles
INFO:     Started server process [23279]
INFO:     Waiting for application startup.
INFO:     Application startup complete.
INFO:     127.0.0.1:44098 - "GET / HTTP/1.1" 200 OK
INFO:     127.0.0.1:44098 - "GET /favicon.ico HTTP/1.1" 200 OK
INFO:     127.0.0.1:60856 - "GET /api/ HTTP/1.1" 200 OK
INFO:     127.0.0.1:53564 - "GET / HTTP/1.1" 200 OK
INFO:     127.0.0.1:53564 - "GET /favicon.ico HTTP/1.1" 200 OK
INFO:     127.0.0.1:53564 - "GET / HTTP/1.1" 200 OK
INFO:     127.0.0.1:53564 - "GET /favicon.ico HTTP/1.1" 200 OK
INFO:     None:0 - "GET /api/games HTTP/1.1" 200 OK
INFO:     None:0 - "GET /api/weeks HTTP/1.1" 200 OK
INFO:     None:0 - "GET /api/stats/leaders HTTP/1.1" 200 OK
INFO:     None:0 - "GET /api/teams/standings HTTP/1.1" 200 OK
INFO:     None:0 - "GET /favicon.ico HTTP/1.1" 200 OK
INFO:     None:0 - "GET /api/games HTTP/1.1" 200 OK
INFO:     None:0 - "GET /api/weeks HTTP/1.1" 200 OK
INFO:     None:0 - "GET /api/stats/leaders HTTP/1.1" 200 OK
INFO:     None:0 - "GET /api/teams/standings HTTP/1.1" 200 OK
INFO:     None:0 - "GET /api/stats/leaders HTTP/1.1" 200 OK
INFO:     None:0 - "GET /favicon.ico HTTP/1.1" 200 OK
INFO:     None:0 - "GET /api/stats/leaders HTTP/1.1" 200 OK
INFO:     None:0 - "GET /api/admin/verify HTTP/1.1" 403 Forbidden
INFO:     None:0 - "GET /api/admin/verify HTTP/1.1" 403 Forbidden
INFO:     None:0 - "GET /api/admin/verify HTTP/1.1" 200 OK
WARNING:  WatchFiles detected changes in 'server.py'. Reloading...
INFO:     Shutting down
INFO:     Waiting for application shutdown.
INFO:     Application shutdown complete.
INFO:     Finished server process [23279]
INFO:     Started server process [25280]
INFO:     Waiting for application startup.
INFO:     Application startup complete.
WARNING:  WatchFiles detected changes in 'server.py'. Reloading...
INFO:     Shutting down
INFO:     Waiting for application shutdown.
INFO:     Application shutdown complete.
INFO:     Finished server process [25280]
INFO:     Started server process [25425]
INFO:     Waiting for application startup.
INFO:     Application startup complete.
INFO:     None:0 - "GET /api/stats/leaders HTTP/1.1" 200 OK
INFO:     None:0 - "GET /favicon.ico HTTP/1.1" 200 OK
INFO:     None:0 - "GET /api/stats/leaders HTTP/1.1" 200 OK
INFO:     None:0 - "GET /api/admin/verify HTTP/1.1" 200 OK
WARNING:  WatchFiles detected changes in 'server.py'. Reloading...
INFO:     Shutting down
INFO:     Waiting for application shutdown.
INFO:     Application shutdown complete.
INFO:     Finished server process [25425]
INFO:     Started server process [27616]
INFO:     Waiting for application startup.
INFO:     Application startup complete.
WARNING:  WatchFiles detected changes in 'server.py'. Reloading...
INFO:     Shutting down
INFO:     Waiting for application shutdown.
INFO:     Application shutdown complete.
INFO:     Finished server process [27616]
INFO:     Started server process [27662]
INFO:     Waiting for application startup.
INFO:     Application startup complete.
WARNING:  WatchFiles detected changes in 'server.py'. Reloading...
INFO:     Shutting down
INFO:     Waiting for application shutdown.
INFO:     Application shutdown complete.
INFO:     Finished server process [27662]
INFO:     Started server process [27710]
INFO:     Waiting for application startup.
INFO:     Application startup complete.
WARNING:  WatchFiles detected changes in 'server.py'. Reloading...
INFO:     Shutting down
INFO:     Waiting for application shutdown.
INFO:     Application shutdown complete.
INFO:     Finished server process [27710]
INFO:     Started server process [27724]
INFO:     Waiting for application startup.
INFO:     Application startup complete.
INFO:     None:0 - "GET /favicon.ico HTTP/1.1" 200 OK
INFO:     None:0 - "GET /api/teams/standings HTTP/1.1" 200 OK
INFO:     None:0 - "GET /api/teams/standings HTTP/1.1" 200 OK
INFO:     None:0 - "GET /favicon.ico HTTP/1.1" 200 OK
INFO:     None:0 - "GET /api/stats/leaders HTTP/1.1" 200 OK
INFO:     None:0 - "GET /api/stats/leaders HTTP/1.1" 200 OK
INFO:     None:0 - "GET /api/stats/leaders HTTP/1.1" 200 OK
INFO:     None:0 - "GET /api/teams/standings HTTP/1.1" 200 OK
INFO:     None:0 - "GET /favicon.ico HTTP/1.1" 200 OK
INFO:     None:0 - "GET /api/stats/leaders HTTP/1.1" 200 OK
INFO:     None:0 - "GET /api/teams/standings HTTP/1.1" 200 OK
INFO:     None:0 - "GET /api/stats/leaders HTTP/1.1" 200 OK
INFO:     None:0 - "GET /favicon.ico HTTP/1.1" 200 OK
INFO:     None:0 - "GET /api/stats/leaders HTTP/1.1" 200 OK
INFO:     None:0 - "GET /api/games HTTP/1.1" 200 OK
INFO:     None:0 - "GET /api/weeks HTTP/1.1" 200 OK
INFO:     None:0 - "GET /favicon.ico HTTP/1.1" 200 OK
INFO:     None:0 - "GET /api/games HTTP/1.1" 200 OK
INFO:     None:0 - "GET /api/weeks HTTP/1.1" 200 OK
INFO:     None:0 - "GET /api/teams/standings HTTP/1.1" 200 OK
INFO:     None:0 - "GET /favicon.ico HTTP/1.1" 200 OK
INFO:     None:0 - "GET /api/teams/standings HTTP/1.1" 200 OK
INFO:     None:0 - "GET /favicon.ico HTTP/1.1" 200 OK
INFO:     None:0 - "GET /api/stats/leaders HTTP/1.1" 200 OK
INFO:     None:0 - "GET /api/stats/leaders HTTP/1.1" 200 OK
INFO:     None:0 - "GET /api/games HTTP/1.1" 200 OK
INFO:     None:0 - "GET /api/weeks HTTP/1.1" 200 OK
INFO:     None:0 - "GET /favicon.ico HTTP/1.1" 200 OK
INFO:     None:0 - "GET /api/teams/standings HTTP/1.1" 200 OK
INFO:     None:0 - "GET /api/stats/leaders HTTP/1.1" 200 OK
INFO:     None:0 - "GET /api/games HTTP/1.1" 200 OK
INFO:     None:0 - "GET /api/weeks HTTP/1.1" 200 OK
INFO:     None:0 - "GET /api/teams/standings HTTP/1.1" 200 OK
INFO:     None:0 - "GET /api/stats/leaders HTTP/1.1" 200 OK
INFO:     None:0 - "GET /favicon.ico HTTP/1.1" 200 OK
INFO:     None:0 - "GET /api/stats/leaders HTTP/1.1" 200 OK
INFO:     None:0 - "GET /api/stats/leaders HTTP/1.1" 200 OK
INFO:     None:0 - "GET /api/stats/leaders HTTP/1.1" 200 OK
INFO:     None:0 - "GET /favicon.ico HTTP/1.1" 200 OK
INFO:     None:0 - "GET /api/stats/leaders HTTP/1.1" 200 OK
INFO:     None:0 - "GET /api/stats/leaders HTTP/1.1" 200 OK
INFO:     None:0 - "GET /favicon.ico HTTP/1.1" 200 OK
INFO:     None:0 - "GET /api/stats/leaders HTTP/1.1" 200 OK
INFO:     None:0 - "GET /api/teams/standings HTTP/1.1" 200 OK
INFO:     None:0 - "GET /favicon.ico HTTP/1.1" 200 OK
INFO:     None:0 - "GET /api/teams/standings HTTP/1.1" 200 OK
INFO:     None:0 - "GET /favicon.ico HTTP/1.1" 200 OK
INFO:     None:0 - "GET /api/games HTTP/1.1" 200 OK
INFO:     None:0 - "GET /api/stats/leaders HTTP/1.1" 200 OK
INFO:     None:0 - "GET /api/teams/standings HTTP/1.1" 200 OK
INFO:     None:0 - "GET /api/weeks HTTP/1.1" 200 OK
INFO:     None:0 - "GET /api/games HTTP/1.1" 200 OK
INFO:     None:0 - "GET /api/stats/leaders HTTP/1.1" 200 OK
INFO:     None:0 - "GET /api/teams/standings HTTP/1.1" 200 OK
INFO:     None:0 - "GET /api/weeks HTTP/1.1" 200 OK
INFO:     None:0 - "GET /api/admin/verify HTTP/1.1" 200 OK
INFO:     None:0 - "GET /api/admin/list HTTP/1.1" 200 OK
INFO:     None:0 - "GET /api/games HTTP/1.1" 200 OK
INFO:     None:0 - "GET /api/weeks HTTP/1.1" 200 OK
INFO:     None:0 - "GET /api/teams/standings HTTP/1.1" 200 OK
INFO:     None:0 - "GET /api/stats/leaders HTTP/1.1" 200 OK
INFO:     None:0 - "GET /favicon.ico HTTP/1.1" 200 OK
INFO:     None:0 - "GET /api/games HTTP/1.1" 200 OK
INFO:     None:0 - "GET /api/weeks HTTP/1.1" 200 OK
INFO:     None:0 - "GET /api/teams/standings HTTP/1.1" 200 OK
INFO:     None:0 - "GET /api/stats/leaders HTTP/1.1" 200 OK
INFO:     None:0 - "GET /api/admin/verify HTTP/1.1" 200 OK
INFO:     None:0 - "GET /api/games HTTP/1.1" 200 OK
INFO:     None:0 - "GET /api/games HTTP/1.1" 200 OK
INFO:     None:0 - "GET /api/admin/list HTTP/1.1" 200 OK
